<?xml version="1.0" encoding="UTF-8"?>
<!-- Generated by org.testng.reporters.JUnitReportReporter -->
<testsuite skipped="0" hostname="DESKTOP-VSQV1KC" name="riyaz_Sir.CollactionOnlyThaDropDwon" tests="1" failures="0" timestamp="2023-01-07T21:29:30 IST" time="21.755" errors="0">
  <testcase name="collactionOnlyThaDropDwon" time="21.755" classname="riyaz_Sir.CollactionOnlyThaDropDwon"/>
  <system-out/>
</testsuite> <!-- riyaz_Sir.CollactionOnlyThaDropDwon -->
