<?xml version="1.0" encoding="UTF-8"?>
<!-- Generated by org.testng.reporters.JUnitReportReporter -->
<testsuite skipped="0" hostname="DESKTOP-VSQV1KC" name="riyaz_Sir.RadioButtonAllCheked2" tests="1" failures="0" timestamp="2023-01-03T22:47:51 IST" time="22.968" errors="0">
  <testcase name="radioButtonCheked" time="22.968" classname="riyaz_Sir.RadioButtonAllCheked2"/>
  <system-out/>
</testsuite> <!-- riyaz_Sir.RadioButtonAllCheked2 -->
