<?xml version="1.0" encoding="UTF-8"?>
<!-- Generated by org.testng.reporters.JUnitReportReporter -->
<testsuite hostname="DESKTOP-VSQV1KC" failures="0" tests="1" name="riyaz_Sir.Collection" time="16.452" errors="0" timestamp="2022-12-30T15:22:36 IST" skipped="0">
  <testcase classname="riyaz_Sir.Collection" name="collection" time="16.452"/>
  <system-out/>
</testsuite> <!-- riyaz_Sir.Collection -->
