<?xml version="1.0" encoding="UTF-8"?>
<!-- Generated by org.testng.reporters.JUnitReportReporter -->
<testsuite skipped="0" hostname="DESKTOP-VSQV1KC" name="riyaz_Sir.HandleWindows" tests="1" failures="0" timestamp="2023-01-02T18:49:28 IST" time="26.445" errors="0">
  <testcase name="handleWindows" time="26.445" classname="riyaz_Sir.HandleWindows"/>
  <system-out/>
</testsuite> <!-- riyaz_Sir.HandleWindows -->
