<?xml version="1.0" encoding="UTF-8"?>
<!-- Generated by org.testng.reporters.JUnitReportReporter -->
<testsuite skipped="0" hostname="DESKTOP-VSQV1KC" name="riyaz_Sir.TakeScreenShot" tests="1" failures="0" timestamp="2023-01-04T12:26:15 IST" time="0.045" errors="0">
  <testcase name="tekeScreenShot" time="0.045" classname="riyaz_Sir.TakeScreenShot"/>
  <system-out/>
</testsuite> <!-- riyaz_Sir.TakeScreenShot -->
