<?xml version="1.0" encoding="UTF-8"?>
<!-- Generated by org.testng.reporters.JUnitReportReporter -->
<testsuite skipped="0" hostname="DESKTOP-VSQV1KC" name="Com.Orange.LoginOrange" tests="1" failures="0" timestamp="2023-01-07T22:47:10 IST" time="27.415" errors="0">
  <testcase name="lginOrange" time="27.415" classname="Com.Orange.LoginOrange"/>
  <system-out/>
</testsuite> <!-- Com.Orange.LoginOrange -->
