<?xml version="1.0" encoding="UTF-8"?>
<!-- Generated by org.testng.reporters.JUnitReportReporter -->
<testsuite skipped="0" hostname="DESKTOP-VSQV1KC" name="riyaz_Sir.CollactionOnlyThaDropDwonSecondMathod" tests="1" failures="0" timestamp="2023-01-07T21:21:24 IST" time="21.643" errors="0">
  <testcase name="collactionOnlyThaDropDwon" time="21.643" classname="riyaz_Sir.CollactionOnlyThaDropDwonSecondMathod"/>
  <system-out/>
</testsuite> <!-- riyaz_Sir.CollactionOnlyThaDropDwonSecondMathod -->
