<?xml version="1.0" encoding="UTF-8"?>
<!-- Generated by org.testng.reporters.JUnitReportReporter -->
<testsuite skipped="0" hostname="DESKTOP-VSQV1KC" name="riyaz_Sir.MulitipleHandileWindows" tests="1" failures="0" timestamp="2023-01-06T21:23:12 IST" time="40.153" errors="0">
  <testcase name="handleWindows" time="40.153" classname="riyaz_Sir.MulitipleHandileWindows"/>
  <system-out/>
</testsuite> <!-- riyaz_Sir.MulitipleHandileWindows -->
