<?xml version="1.0" encoding="UTF-8"?>
<!-- Generated by org.testng.reporters.JUnitReportReporter -->
<testsuite skipped="0" hostname="DESKTOP-VSQV1KC" name="riyaz_Sir.DragAndDrop" tests="1" failures="0" timestamp="2022-12-31T21:02:53 IST" time="17.725" errors="0">
  <testcase name="moveToMouse" time="17.725" classname="riyaz_Sir.DragAndDrop"/>
  <system-out/>
</testsuite> <!-- riyaz_Sir.DragAndDrop -->
