<?xml version="1.0" encoding="UTF-8"?>
<!-- Generated by org.testng.reporters.JUnitReportReporter -->
<testsuite skipped="0" hostname="DESKTOP-VSQV1KC" name="riyaz_Sir.TestNGXml_Automation" tests="2" failures="0" timestamp="2023-01-06T11:41:48 IST" time="36.557" errors="0">
  <testcase name="testNGXml_Automation" time="16.508" classname="riyaz_Sir.TestNGXml_Automation"/>
  <system-out/>
  <testcase name="testNGXml_Automation" time="20.049" classname="riyaz_Sir.TestNGXml_Automation"/>
  <system-out/>
</testsuite> <!-- riyaz_Sir.TestNGXml_Automation -->
