<?xml version="1.0" encoding="UTF-8"?>
<!-- Generated by org.testng.reporters.JUnitReportReporter -->
<testsuite hostname="DESKTOP-VSQV1KC" failures="0" tests="1" name="riyaz_Sir.DropandDwon" time="28.188" errors="0" timestamp="2022-12-30T15:00:12 IST" skipped="0">
  <testcase classname="riyaz_Sir.DropandDwon" name="DropandDwon" time="28.188"/>
  <system-out/>
</testsuite> <!-- riyaz_Sir.DropandDwon -->
