<?xml version="1.0" encoding="UTF-8"?>
<!-- Generated by org.testng.reporters.JUnitReportReporter -->
<testsuite skipped="0" hostname="DESKTOP-VSQV1KC" name="riyaz_Sir.GetScreenShot" tests="1" failures="0" timestamp="2023-03-11T14:03:44 IST" time="26.562" errors="0">
  <testcase name="tekeScreenShot" time="26.562" classname="riyaz_Sir.GetScreenShot"/>
  <system-out/>
</testsuite> <!-- riyaz_Sir.GetScreenShot -->
