<?xml version="1.0" encoding="UTF-8"?>
<!-- Generated by org.testng.reporters.JUnitReportReporter -->
<testsuite skipped="0" hostname="DESKTOP-VSQV1KC" name="riyaz_Sir.RadioButtonCheked" tests="1" failures="0" timestamp="2023-01-03T22:38:13 IST" time="22.322" errors="0">
  <testcase name="radioButtonCheked" time="22.322" classname="riyaz_Sir.RadioButtonCheked"/>
  <system-out/>
</testsuite> <!-- riyaz_Sir.RadioButtonCheked -->
