<?xml version="1.0" encoding="UTF-8"?>
<!-- Generated by org.testng.reporters.JUnitReportReporter -->
<testsuite skipped="0" hostname="DESKTOP-VSQV1KC" name="riyaz_Sir.CheckBoxCheked" tests="1" failures="0" timestamp="2023-02-24T18:28:36 IST" time="17.921" errors="0">
  <testcase name="radioButtonCheked" time="17.921" classname="riyaz_Sir.CheckBoxCheked"/>
  <system-out/>
</testsuite> <!-- riyaz_Sir.CheckBoxCheked -->
