<?xml version="1.0" encoding="UTF-8"?>
<!-- Generated by org.testng.reporters.JUnitReportReporter -->
<testsuite skipped="0" hostname="DESKTOP-VSQV1KC" name="riyaz_Sir.MaultipulHandleWindows" tests="1" failures="0" timestamp="2023-01-02T19:26:03 IST" time="38.247" errors="0">
  <testcase name="handleWindows" time="38.247" classname="riyaz_Sir.MaultipulHandleWindows"/>
  <system-out/>
</testsuite> <!-- riyaz_Sir.MaultipulHandleWindows -->
