<?xml version="1.0" encoding="UTF-8"?>
<!-- Generated by org.testng.reporters.JUnitReportReporter -->
<testsuite skipped="0" hostname="DESKTOP-VSQV1KC" name="riyaz_Sir.CheckBoxAllCheked" tests="1" failures="0" timestamp="2023-01-07T22:02:46 IST" time="25.734" errors="0">
  <testcase name="radioButtonCheked" time="25.734" classname="riyaz_Sir.CheckBoxAllCheked"/>
  <system-out/>
</testsuite> <!-- riyaz_Sir.CheckBoxAllCheked -->
