<?xml version="1.0" encoding="UTF-8"?>
<!-- Generated by org.testng.reporters.JUnitReportReporter -->
<testsuite skipped="0" hostname="DESKTOP-VSQV1KC" name="riyaz_Sir.HandilIfram" tests="1" failures="0" timestamp="2023-01-05T11:17:52 IST" time="68.302" errors="0">
  <testcase name="handleWindows" time="68.302" classname="riyaz_Sir.HandilIfram"/>
  <system-out/>
</testsuite> <!-- riyaz_Sir.HandilIfram -->
